<?xml version="1.0" encoding="UTF-8"?>
<testng-results skipped="0" failed="0" ignored="0" total="1" passed="1">
  <reporter-output>
  </reporter-output>
  <suite name="Default suite" duration-ms="91" started-at="2019-02-12T17:29:02Z" finished-at="2019-02-12T17:29:02Z">
    <groups>
    </groups>
    <test name="Default test" duration-ms="91" started-at="2019-02-12T17:29:02Z" finished-at="2019-02-12T17:29:02Z">
      <class name="COM_SELENIUM.TestNG">
        <test-method status="PASS" signature="Beforemethod()[pri:0, instance:COM_SELENIUM.TestNG@443118b0]" name="Beforemethod" is-config="true" duration-ms="33" started-at="2019-02-12T17:29:02Z" finished-at="2019-02-12T17:29:02Z">
          <reporter-output>
          </reporter-output>
        </test-method> <!-- Beforemethod -->
        <test-method status="PASS" signature="testmethod()[pri:0, instance:COM_SELENIUM.TestNG@443118b0]" name="testmethod" duration-ms="13" started-at="2019-02-12T17:29:02Z" finished-at="2019-02-12T17:29:02Z">
          <reporter-output>
          </reporter-output>
        </test-method> <!-- testmethod -->
      </class> <!-- COM_SELENIUM.TestNG -->
    </test> <!-- Default test -->
  </suite> <!-- Default suite -->
</testng-results>
